[
    {
        "Id": "7b9e9e31250c04c85c1f9570daf3001bae66d7fc0b76afcb3e8f85e49780ddd1",
        "Created": "2019-12-24T15:13:36.337250193Z",
        "Path": "/init",
        "Args": [],
        "State": {
            "Status": "running",
            "Running": true,
            "Paused": false,
            "Restarting": false,
            "OOMKilled": false,
            "Dead": false,
            "Pid": 10772,
            "ExitCode": 0,
            "Error": "",
            "StartedAt": "2019-12-25T11:27:16.731560562Z",
            "FinishedAt": "2019-12-25T09:20:20.278679224Z"
        },
        "Image": "sha256:9cacaba5ea9b0249756e81690752e64c18841d4835cca207b64d531a4c380928",
        "ResolvConfPath": "/var/lib/docker/containers/7b9e9e31250c04c85c1f9570daf3001bae66d7fc0b76afcb3e8f85e49780ddd1/resolv.conf",
        "HostnamePath": "/var/lib/docker/containers/7b9e9e31250c04c85c1f9570daf3001bae66d7fc0b76afcb3e8f85e49780ddd1/hostname",
        "HostsPath": "/var/lib/docker/containers/7b9e9e31250c04c85c1f9570daf3001bae66d7fc0b76afcb3e8f85e49780ddd1/hosts",
        "LogPath": "/var/lib/docker/containers/7b9e9e31250c04c85c1f9570daf3001bae66d7fc0b76afcb3e8f85e49780ddd1/7b9e9e31250c04c85c1f9570daf3001bae66d7fc0b76afcb3e8f85e49780ddd1-json.log",
        "Name": "/ha",
        "RestartCount": 0,
        "Driver": "overlay2",
        "Platform": "linux",
        "MountLabel": "",
        "ProcessLabel": "",
        "AppArmorProfile": "",
        "ExecIDs": null,
        "HostConfig": {
            "Binds": [],
            "ContainerIDFile": "",
            "LogConfig": {
                "Type": "json-file",
                "Config": {}
            },
            "NetworkMode": "heig",
            "PortBindings": {
                "1936/tcp": [
                    {
                        "HostIp": "",
                        "HostPort": "1936"
                    }
                ],
                "80/tcp": [
                    {
                        "HostIp": "",
                        "HostPort": "80"
                    }
                ],
                "9999/tcp": [
                    {
                        "HostIp": "",
                        "HostPort": "9999"
                    }
                ]
            },
            "RestartPolicy": {
                "Name": "",
                "MaximumRetryCount": 0
            },
            "AutoRemove": false,
            "VolumeDriver": "",
            "VolumesFrom": [],
            "CapAdd": null,
            "CapDrop": null,
            "Capabilities": null,
            "Dns": [],
            "DnsOptions": [],
            "DnsSearch": [],
            "ExtraHosts": null,
            "GroupAdd": null,
            "IpcMode": "shareable",
            "Cgroup": "",
            "Links": null,
            "OomScoreAdj": 0,
            "PidMode": "",
            "Privileged": false,
            "PublishAllPorts": false,
            "ReadonlyRootfs": false,
            "SecurityOpt": null,
            "UTSMode": "",
            "UsernsMode": "",
            "ShmSize": 67108864,
            "Runtime": "runc",
            "ConsoleSize": [
                0,
                0
            ],
            "Isolation": "",
            "CpuShares": 0,
            "Memory": 0,
            "NanoCpus": 0,
            "CgroupParent": "",
            "BlkioWeight": 0,
            "BlkioWeightDevice": null,
            "BlkioDeviceReadBps": null,
            "BlkioDeviceWriteBps": null,
            "BlkioDeviceReadIOps": null,
            "BlkioDeviceWriteIOps": null,
            "CpuPeriod": 0,
            "CpuQuota": 0,
            "CpuRealtimePeriod": 0,
            "CpuRealtimeRuntime": 0,
            "CpusetCpus": "",
            "CpusetMems": "",
            "Devices": null,
            "DeviceCgroupRules": null,
            "DeviceRequests": null,
            "KernelMemory": 0,
            "KernelMemoryTCP": 0,
            "MemoryReservation": 0,
            "MemorySwap": 0,
            "MemorySwappiness": null,
            "OomKillDisable": false,
            "PidsLimit": null,
            "Ulimits": null,
            "CpuCount": 0,
            "CpuPercent": 0,
            "IOMaximumIOps": 0,
            "IOMaximumBandwidth": 0,
            "MaskedPaths": [
                "/proc/asound",
                "/proc/acpi",
                "/proc/kcore",
                "/proc/keys",
                "/proc/latency_stats",
                "/proc/timer_list",
                "/proc/timer_stats",
                "/proc/sched_debug",
                "/proc/scsi",
                "/sys/firmware"
            ],
            "ReadonlyPaths": [
                "/proc/bus",
                "/proc/fs",
                "/proc/irq",
                "/proc/sys",
                "/proc/sysrq-trigger"
            ]
        },
        "GraphDriver": {
            "Data": {
                "LowerDir": "/var/lib/docker/overlay2/a616424de4d5fe7f1c128275bc204fdbdfc45f3bf89a6b9839ba7f937a33889b-init/diff:/var/lib/docker/overlay2/c5089d774e66cbed16764a1246868105b0d8430e166da30d24e2d9a207553798/diff:/var/lib/docker/overlay2/11b49d8e248f0ebd37f64d74e03b9d089d379b4bebcfeedcbcd42232852870c7/diff:/var/lib/docker/overlay2/2cebeaedde72923e2bc4ab0cbe26cfc9ab914597329fcf3540b2e33868ad5eca/diff:/var/lib/docker/overlay2/9e2cc379753e42a2622a37f53bff3aa960db7bf85bfc8c4cb33c722be6b6f773/diff:/var/lib/docker/overlay2/856d0a624bb28c6bac480c81f592082af69cea59fdcc4f3395e1c7c0ea6df0ca/diff:/var/lib/docker/overlay2/4e04b4a5dcd00e6840eb4e20b2795a7025295863d0c354b580ec12d726a53492/diff:/var/lib/docker/overlay2/badfbfb7ea2505cd45eaa8b396b46746a9b233cdde1f05d032c4bb4ff1443967/diff:/var/lib/docker/overlay2/da274e667fe69a24e59a4f62c5d8b3f4b4eaf03ce88faa894ceb6c681fbcafcd/diff:/var/lib/docker/overlay2/2c6270a0e70c8f0f5ff4855d16c29b3a1340c7776f86ceefc342aa5a3cfd1fef/diff:/var/lib/docker/overlay2/015e75755db7a0fccfab469ff754619f131addcc0b38c21874c9e6339f84000e/diff:/var/lib/docker/overlay2/286f00d28bc0cf9b36796bf0cd76d6309630eb2b9c74d403d1a420865dd051c1/diff:/var/lib/docker/overlay2/3b1e21f7f1ae179b331a088b42841c3636c5e3a73ec194dcf7643d26a677e5e1/diff:/var/lib/docker/overlay2/ae2e3f4cc1d4e58f5edf6b7b9dcd8b7d54baaf9c110cb1ee107bbab7862eea96/diff:/var/lib/docker/overlay2/00b4fab2c3e025ffee914c23764e7681feba7b852904d9fedb458411584bcd61/diff:/var/lib/docker/overlay2/e80069521b0af796d145636514155a91885d1a4634aa406b55466211d40a1a23/diff:/var/lib/docker/overlay2/878957ee90b00c40dd07742997326c242b5d1427b9d72208833d79b424477efb/diff:/var/lib/docker/overlay2/b3775dbf2048ab5f1798bbc32c8f8a42ac9700c39ebfdcabb257c615bdd7fd57/diff",
                "MergedDir": "/var/lib/docker/overlay2/a616424de4d5fe7f1c128275bc204fdbdfc45f3bf89a6b9839ba7f937a33889b/merged",
                "UpperDir": "/var/lib/docker/overlay2/a616424de4d5fe7f1c128275bc204fdbdfc45f3bf89a6b9839ba7f937a33889b/diff",
                "WorkDir": "/var/lib/docker/overlay2/a616424de4d5fe7f1c128275bc204fdbdfc45f3bf89a6b9839ba7f937a33889b/work"
            },
            "Name": "overlay2"
        },
        "Mounts": [],
        "Config": {
            "Hostname": "7b9e9e31250c",
            "Domainname": "",
            "User": "",
            "AttachStdin": false,
            "AttachStdout": false,
            "AttachStderr": false,
            "ExposedPorts": {
                "1936/tcp": {},
                "7373/tcp": {},
                "7946/tcp": {},
                "80/tcp": {},
                "9999/tcp": {}
            },
            "Tty": false,
            "OpenStdin": false,
            "StdinOnce": false,
            "Env": [
                "WEBAPP_1_IP=192.168.42.11",
                "WEBAPP_2_IP=192.168.42.22",
                "PATH=/usr/local/sbin:/usr/local/bin:/usr/sbin:/usr/bin:/sbin:/bin",
                "HAPROXY_VERSION=1.5.19",
                "HAPROXY_URL=https://www.haproxy.org/download/1.5/src/haproxy-1.5.19.tar.gz",
                "HAPROXY_SHA256=e00ae2a633da614967f2e3ebebdb817ec537cba8383b833fc8d9a506876e0d5e",
                "ROLE=balancer"
            ],
            "Cmd": null,
            "Image": "teaching-heigvd-ait-2019-labo-docker_haproxy",
            "Volumes": null,
            "WorkingDir": "",
            "Entrypoint": [
                "/init"
            ],
            "OnBuild": null,
            "Labels": {
                "com.docker.compose.config-hash": "4a11abb011a2bc3861798ee20bfc64c0ccc8e102a0ac3e838c08df274e02bbcc",
                "com.docker.compose.container-number": "1",
                "com.docker.compose.oneoff": "False",
                "com.docker.compose.project": "teaching-heigvd-ait-2019-labo-docker",
                "com.docker.compose.project.config_files": "docker-compose.yml",
                "com.docker.compose.project.working_dir": "/home/jeremy/Bureau/HEIG-VD/Semestre5/AIT/Labos/Labo4/Teaching-HEIGVD-AIT-2019-Labo-Docker",
                "com.docker.compose.service": "haproxy",
                "com.docker.compose.version": "1.25.0"
            },
            "StopSignal": "SIGUSR1"
        },
        "NetworkSettings": {
            "Bridge": "",
            "SandboxID": "74caa1e07dbf29d08009ba6f758c5cec18c0ec25ced0317906f80f9e601d5923",
            "HairpinMode": false,
            "LinkLocalIPv6Address": "",
            "LinkLocalIPv6PrefixLen": 0,
            "Ports": {
                "1936/tcp": [
                    {
                        "HostIp": "0.0.0.0",
                        "HostPort": "1936"
                    }
                ],
                "7373/tcp": null,
                "7946/tcp": null,
                "80/tcp": [
                    {
                        "HostIp": "0.0.0.0",
                        "HostPort": "80"
                    }
                ],
                "9999/tcp": [
                    {
                        "HostIp": "0.0.0.0",
                        "HostPort": "9999"
                    }
                ]
            },
            "SandboxKey": "/var/run/docker/netns/74caa1e07dbf",
            "SecondaryIPAddresses": null,
            "SecondaryIPv6Addresses": null,
            "EndpointID": "",
            "Gateway": "",
            "GlobalIPv6Address": "",
            "GlobalIPv6PrefixLen": 0,
            "IPAddress": "",
            "IPPrefixLen": 0,
            "IPv6Gateway": "",
            "MacAddress": "",
            "Networks": {
                "heig": {
                    "IPAMConfig": {
                        "IPv4Address": "192.168.42.42"
                    },
                    "Links": null,
                    "Aliases": [
                        "7b9e9e31250c",
                        "haproxy"
                    ],
                    "NetworkID": "d961eb5ab96e624e890c0ba8e256e0df21656a3b9a67cfc2ad50cc3604c60ff3",
                    "EndpointID": "6d2604388a29e7c69786127c897c807df1e2e0131abd6018cb0df0e514a88796",
                    "Gateway": "192.168.42.1",
                    "IPAddress": "192.168.42.42",
                    "IPPrefixLen": 24,
                    "IPv6Gateway": "",
                    "GlobalIPv6Address": "",
                    "GlobalIPv6PrefixLen": 0,
                    "MacAddress": "02:42:c0:a8:2a:2a",
                    "DriverOpts": null
                }
            }
        }
    }
]

