[
    {
        "Id": "046f3a6885bb274df71ad290c9edf6e115cc989965996712ae95c20abc54cee4",
        "Created": "2019-12-19T19:00:32.927691283Z",
        "Path": "/init",
        "Args": [],
        "State": {
            "Status": "running",
            "Running": true,
            "Paused": false,
            "Restarting": false,
            "OOMKilled": false,
            "Dead": false,
            "Pid": 15752,
            "ExitCode": 0,
            "Error": "",
            "StartedAt": "2019-12-19T19:00:33.413630991Z",
            "FinishedAt": "0001-01-01T00:00:00Z"
        },
        "Image": "sha256:13126c0809f4f52152d150a4776d3ae838bdaab35a5e8e9981c21e7097278956",
        "ResolvConfPath": "/var/lib/docker/containers/046f3a6885bb274df71ad290c9edf6e115cc989965996712ae95c20abc54cee4/resolv.conf",
        "HostnamePath": "/var/lib/docker/containers/046f3a6885bb274df71ad290c9edf6e115cc989965996712ae95c20abc54cee4/hostname",
        "HostsPath": "/var/lib/docker/containers/046f3a6885bb274df71ad290c9edf6e115cc989965996712ae95c20abc54cee4/hosts",
        "LogPath": "/var/lib/docker/containers/046f3a6885bb274df71ad290c9edf6e115cc989965996712ae95c20abc54cee4/046f3a6885bb274df71ad290c9edf6e115cc989965996712ae95c20abc54cee4-json.log",
        "Name": "/s1",
        "RestartCount": 0,
        "Driver": "overlay2",
        "Platform": "linux",
        "MountLabel": "",
        "ProcessLabel": "",
        "AppArmorProfile": "",
        "ExecIDs": null,
        "HostConfig": {
            "Binds": null,
            "ContainerIDFile": "",
            "LogConfig": {
                "Type": "json-file",
                "Config": {}
            },
            "NetworkMode": "heig",
            "PortBindings": {},
            "RestartPolicy": {
                "Name": "no",
                "MaximumRetryCount": 0
            },
            "AutoRemove": false,
            "VolumeDriver": "",
            "VolumesFrom": null,
            "CapAdd": null,
            "CapDrop": null,
            "Capabilities": null,
            "Dns": [],
            "DnsOptions": [],
            "DnsSearch": [],
            "ExtraHosts": null,
            "GroupAdd": null,
            "IpcMode": "private",
            "Cgroup": "",
            "Links": null,
            "OomScoreAdj": 0,
            "PidMode": "",
            "Privileged": false,
            "PublishAllPorts": false,
            "ReadonlyRootfs": false,
            "SecurityOpt": null,
            "UTSMode": "",
            "UsernsMode": "",
            "ShmSize": 67108864,
            "Runtime": "runc",
            "ConsoleSize": [
                0,
                0
            ],
            "Isolation": "",
            "CpuShares": 0,
            "Memory": 0,
            "NanoCpus": 0,
            "CgroupParent": "",
            "BlkioWeight": 0,
            "BlkioWeightDevice": [],
            "BlkioDeviceReadBps": null,
            "BlkioDeviceWriteBps": null,
            "BlkioDeviceReadIOps": null,
            "BlkioDeviceWriteIOps": null,
            "CpuPeriod": 0,
            "CpuQuota": 0,
            "CpuRealtimePeriod": 0,
            "CpuRealtimeRuntime": 0,
            "CpusetCpus": "",
            "CpusetMems": "",
            "Devices": [],
            "DeviceCgroupRules": null,
            "DeviceRequests": null,
            "KernelMemory": 0,
            "KernelMemoryTCP": 0,
            "MemoryReservation": 0,
            "MemorySwap": 0,
            "MemorySwappiness": null,
            "OomKillDisable": false,
            "PidsLimit": null,
            "Ulimits": null,
            "CpuCount": 0,
            "CpuPercent": 0,
            "IOMaximumIOps": 0,
            "IOMaximumBandwidth": 0,
            "MaskedPaths": [
                "/proc/asound",
                "/proc/acpi",
                "/proc/kcore",
                "/proc/keys",
                "/proc/latency_stats",
                "/proc/timer_list",
                "/proc/timer_stats",
                "/proc/sched_debug",
                "/proc/scsi",
                "/sys/firmware"
            ],
            "ReadonlyPaths": [
                "/proc/bus",
                "/proc/fs",
                "/proc/irq",
                "/proc/sys",
                "/proc/sysrq-trigger"
            ]
        },
        "GraphDriver": {
            "Data": {
                "LowerDir": "/var/lib/docker/overlay2/ae730c4639903ec2390f54afe4f72ab8c49e8e26e8ee3867d8de1ea26e04107e-init/diff:/var/lib/docker/overlay2/a633a9c26381c69f36eda5ca02ae511c44d8a94aa6b3f3fcde826dd5b3b50925/diff:/var/lib/docker/overlay2/121267c47d46e6bcafb31981f8175866157d1e5ed174742838f219e3223c6a41/diff:/var/lib/docker/overlay2/cb3938bcded7b9fe2b900299a68c5fe3142220fdd95860177bee1ca3b63fd3cb/diff:/var/lib/docker/overlay2/be4c56d76e09bdae44c2902e7ec7958acd19ea75847ffbce1e196840f821c445/diff:/var/lib/docker/overlay2/117f2fb16cb0e1ea57a3134663d6e733be5343f32bf36ebf7d6d133e828125ed/diff:/var/lib/docker/overlay2/43038831ddabb96d1a33343a1f4a324199e1d9269501dd7c57c132d62522ae28/diff:/var/lib/docker/overlay2/54540e08293ed0b622961949139ecfca1f2f1876c4903068972c058f8aa8353a/diff:/var/lib/docker/overlay2/0c2478db2efac62add7910af9a819cf1ffe5b9fc81d868d753f30365c80c3922/diff:/var/lib/docker/overlay2/3e11ff826ac8e0ae21487e3ca5f221092ac7269fde8283ebab457a01bf48d33a/diff:/var/lib/docker/overlay2/e8fb0ecdac82759ba893c982528ef28fcfaf38f6508e084e08d1acd24dff81d7/diff:/var/lib/docker/overlay2/a45e5c9c5624808d1c5bc7c236d2c8867cc0218c398efe3a9b2f83120ba33eaf/diff:/var/lib/docker/overlay2/581aee1e5b5c09dd6f7787bb937de709f149e0b0ed7e252e7d0232a12bc06603/diff:/var/lib/docker/overlay2/7b9cd5f8a3490ab996540f4504e808990d67aa8d11552fc95f4cdd36ef5ac862/diff:/var/lib/docker/overlay2/fedc6036a3ea00914f249a14e4194a266c6502cdf9ece11b862b3de4906a8d88/diff:/var/lib/docker/overlay2/7e69c1fb3fa33571b195ccce9abf4763afa4150b1e97153bfab2b80312d035ae/diff:/var/lib/docker/overlay2/4afd4d08ef8896b10f0ccafaecd02bc83551c215305f92eaf4dea62b9c7f8614/diff:/var/lib/docker/overlay2/87846e5e22f9c0c050c8ec34b8a4b8819a4cf4e59f1303feb563ce52fb83d258/diff",
                "MergedDir": "/var/lib/docker/overlay2/ae730c4639903ec2390f54afe4f72ab8c49e8e26e8ee3867d8de1ea26e04107e/merged",
                "UpperDir": "/var/lib/docker/overlay2/ae730c4639903ec2390f54afe4f72ab8c49e8e26e8ee3867d8de1ea26e04107e/diff",
                "WorkDir": "/var/lib/docker/overlay2/ae730c4639903ec2390f54afe4f72ab8c49e8e26e8ee3867d8de1ea26e04107e/work"
            },
            "Name": "overlay2"
        },
        "Mounts": [],
        "Config": {
            "Hostname": "046f3a6885bb",
            "Domainname": "",
            "User": "",
            "AttachStdin": false,
            "AttachStdout": false,
            "AttachStderr": false,
            "ExposedPorts": {
                "3000/tcp": {},
                "7373/tcp": {},
                "7946/tcp": {}
            },
            "Tty": false,
            "OpenStdin": false,
            "StdinOnce": false,
            "Env": [
                "PATH=/usr/local/sbin:/usr/local/bin:/usr/sbin:/usr/bin:/sbin:/bin",
                "NODE_VERSION=13.4.0",
                "YARN_VERSION=1.21.1",
                "ROLE=backend"
            ],
            "Cmd": null,
            "Image": "teaching-heigvd-ait-2019-labo-docker_webapp1:latest",
            "Volumes": null,
            "WorkingDir": "",
            "Entrypoint": [
                "/init"
            ],
            "OnBuild": null,
            "Labels": {}
        },
        "NetworkSettings": {
            "Bridge": "",
            "SandboxID": "de7f158fd260fffd71f6a1adda598be645a5133a06a6741f5343b3ad4d7f25ea",
            "HairpinMode": false,
            "LinkLocalIPv6Address": "",
            "LinkLocalIPv6PrefixLen": 0,
            "Ports": {
                "3000/tcp": null,
                "7373/tcp": null,
                "7946/tcp": null
            },
            "SandboxKey": "/var/run/docker/netns/de7f158fd260",
            "SecondaryIPAddresses": null,
            "SecondaryIPv6Addresses": null,
            "EndpointID": "",
            "Gateway": "",
            "GlobalIPv6Address": "",
            "GlobalIPv6PrefixLen": 0,
            "IPAddress": "",
            "IPPrefixLen": 0,
            "IPv6Gateway": "",
            "MacAddress": "",
            "Networks": {
                "heig": {
                    "IPAMConfig": null,
                    "Links": null,
                    "Aliases": [
                        "046f3a6885bb"
                    ],
                    "NetworkID": "9b6b4bff57512402c348c475e6343b0286ade6f5040f9a4f201842c89474f3bb",
                    "EndpointID": "8ed022f73f149730457ef28f75b2e04a7870f6252508a0ba6444677af5884349",
                    "Gateway": "192.168.42.1",
                    "IPAddress": "192.168.42.3",
                    "IPPrefixLen": 24,
                    "IPv6Gateway": "",
                    "GlobalIPv6Address": "",
                    "GlobalIPv6PrefixLen": 0,
                    "MacAddress": "02:42:c0:a8:2a:03",
                    "DriverOpts": null
                }
            }
        }
    }
]

